
============================================================
⏰ RUN STARTED AT: 2026-06-23T10:15:36.280Z
💻 COMMAND: tsx src/shopify/fetch-orders.ts
============================================================

◇ injected env (0) from .env // tip: ⌘ override existing { override: true }
◇ injected env (0) from .env // tip: ⌘ suppress logs { quiet: true }
Starting Shopify Orders Ingestion from domain: cubelelo-cube-store.myshopify.com (Rolling past 60 days since 2026-04-24T10:15:38.251Z)
Fetching page 1...
Received 250 orders. Processing and saving...
Successfully page 1 saved.
Fetching page 2...
Received 250 orders. Processing and saving...
Successfully page 2 saved.
Fetching page 3...
Received 250 orders. Processing and saving...

============================================================
⏰ RUN STARTED AT: 2026-06-23T10:42:33.695Z
💻 COMMAND: tsx src/shopify/fetch-orders.ts
============================================================

◇ injected env (0) from .env // tip: ⌘ custom filepath { path: '/custom/path/.env' }
◇ injected env (0) from .env // tip: ⌘ enable debugging { debug: true }
Starting Shopify Orders Ingestion from domain: cubelelo-cube-store.myshopify.com (Rolling past 60 days since 2026-04-24T10:42:34.333Z)
Fetching page 1...
Received 250 orders. Processing and saving...
Successfully page 1 saved.
Fetching page 2...
Received 250 orders. Processing and saving...
Successfully page 2 saved.
Fetching page 3...
Received 250 orders. Processing and saving...
Successfully page 3 saved.
Fetching page 4...
Received 250 orders. Processing and saving...
Successfully page 4 saved.
Fetching page 5...
Received 250 orders. Processing and saving...
Successfully page 5 saved.
Fetching page 6...
Received 250 orders. Processing and saving...
Successfully page 6 saved.
Fetching page 7...
Received 250 orders. Processing and saving...
Successfully page 7 saved.
Fetching page 8...
Received 250 orders. Processing and saving...
Successfully page 8 saved.
Fetching page 9...
Received 250 orders. Processing and saving...
Successfully page 9 saved.
Fetching page 10...
Received 250 orders. Processing and saving...
Successfully page 10 saved.
Fetching page 11...
Received 250 orders. Processing and saving...
Successfully page 11 saved.
Fetching page 12...
Received 250 orders. Processing and saving...
Successfully page 12 saved.
Fetching page 13...
Received 250 orders. Processing and saving...
Successfully page 13 saved.
Fetching page 14...
Received 250 orders. Processing and saving...
Successfully page 14 saved.
Fetching page 15...
Received 250 orders. Processing and saving...
Successfully page 15 saved.
Fetching page 16...
Received 250 orders. Processing and saving...
Successfully page 16 saved.
Fetching page 17...
Received 250 orders. Processing and saving...
Successfully page 17 saved.
Fetching page 18...
Received 250 orders. Processing and saving...
Successfully page 18 saved.
Fetching page 19...
Received 250 orders. Processing and saving...
Successfully page 19 saved.
Fetching page 20...
Received 250 orders. Processing and saving...
Successfully page 20 saved.
Fetching page 21...
Received 250 orders. Processing and saving...
Successfully page 21 saved.
Fetching page 22...
Received 250 orders. Processing and saving...
Successfully page 22 saved.
Fetching page 23...
Received 250 orders. Processing and saving...
Successfully page 23 saved.
Fetching page 24...
Received 250 orders. Processing and saving...
Successfully page 24 saved.
Fetching page 25...
Received 250 orders. Processing and saving...
Successfully page 25 saved.
Fetching page 26...
Received 99 orders. Processing and saving...
Successfully page 26 saved.
Shopify Orders Ingestion finished. Saved 6349 orders.


============================================================
✅ RUN FINISHED AT: 2026-06-23T11:05:07.773Z
🚪 EXIT CODE: 0
⏳ DURATION: 1354.08s
============================================================
