
============================================================
⏰ RUN STARTED AT: 2026-06-23T11:05:07.775Z
💻 COMMAND: tsx src/shopify/fetch-returns.ts
============================================================

◇ injected env (0) from .env // tip: ⌘ multiple files { path: ['.env.local', '.env'] }
◇ injected env (0) from .env // tip: ⌁ auth for agents [www.vestauth.com]
Starting Shopify Returns Ingestion (via Orders) from domain: cubelelo-cube-store.myshopify.com (Rolling past 60 days since 2026-04-24)
Fetching page 1...
Received 28 orders. Checking for associated returns...
Processing return #202000305932-R1 (gid://shopify/Return/15523512609)...
Processing return #202000307314-R1 (gid://shopify/Return/15818457377)...
Processing return #202000307314-R2 (gid://shopify/Return/15818490145)...
Processing return #202000307314-R3 (gid://shopify/Return/15818522913)...
Processing return #202000308006-R1 (gid://shopify/Return/16286220577)...
Processing return #202000308991-R1 (gid://shopify/Return/16281174305)...
Processing return #202000309397-R1 (gid://shopify/Return/16450027809)...
Processing return #202000309545-R1 (gid://shopify/Return/16358539553)...
Processing return #202000309640-R1 (gid://shopify/Return/16453009697)...
Processing return #202000309678-R1 (gid://shopify/Return/16783343905)...
Processing return #202000309678-R2 (gid://shopify/Return/16783376673)...
Processing return #202000309829-R1 (gid://shopify/Return/16620814625)...
Processing return #202000310000-R1 (gid://shopify/Return/17040015649)...
Processing return #202000310132-R1 (gid://shopify/Return/16541876513)...
Processing return #202000310185-R1 (gid://shopify/Return/16691003681)...
Processing return #202000310217-R1 (gid://shopify/Return/16621437217)...
Processing return #202000311077-R1 (gid://shopify/Return/16782328097)...
Processing return #202000311293-R1 (gid://shopify/Return/17091952929)...
Processing return #202000311638-R1 (gid://shopify/Return/17225646369)...
Processing return #202000311849-R1 (gid://shopify/Return/17064624417)...
Processing return #202000311849-R2 (gid://shopify/Return/17064657185)...
Processing return #202000312060-R1 (gid://shopify/Return/17225941281)...
Processing return #202000312262-R1 (gid://shopify/Return/17119936801)...
Processing return #202000312262-R2 (gid://shopify/Return/17119969569)...
Processing return #202000312802-R1 (gid://shopify/Return/17346396449)...
Processing return #202000312891-R1 (gid://shopify/Return/17346527521)...
Processing return #202000313108-R1 (gid://shopify/Return/17417568545)...
Processing return #202000313121-R1 (gid://shopify/Return/17387815201)...
Processing return #202000313350-R1 (gid://shopify/Return/17665327393)...
Processing return #202000313842-R1 (gid://shopify/Return/17696850209)...
Processing return #202000313845-R1 (gid://shopify/Return/17585078561)...
Processing return #202000313917-R1 (gid://shopify/Return/17633870113)...
Processing return #202000314032-R1 (gid://shopify/Return/17715724577)...
Successfully page 1 saved.
Shopify Returns Ingestion finished. Saved 33 returns.


============================================================
✅ RUN FINISHED AT: 2026-06-23T11:05:13.435Z
🚪 EXIT CODE: 0
⏳ DURATION: 5.66s
============================================================
