
============================================================
⏰ RUN STARTED AT: 2026-06-23T10:15:35.377Z
💻 COMMAND: tsx src/shiprocket/fetch-orders.ts
============================================================

◇ injected env (0) from .env // tip: ⌘ enable debugging { debug: true }
Using existing SHIPROCKET_TOKEN (no email/password credentials provided for auto-refresh).

====================================
Fetching Range 2026-04-09 → 2026-04-13
====================================
Fetching page 1
Shiprocket request failed: 401 {"message":"Token has expired","status_code":401}


============================================================
✅ RUN FINISHED AT: 2026-06-23T10:15:36.277Z
🚪 EXIT CODE: 1
⏳ DURATION: 0.90s
============================================================

============================================================
⏰ RUN STARTED AT: 2026-06-23T10:26:03.836Z
💻 COMMAND: tsx src/shiprocket/fetch-orders.ts
============================================================

◇ injected env (0) from .env // tip: ◈ encrypted .env [www.dotenvx.com]
Using active SHIPROCKET_TOKEN from environment.

====================================
Fetching Range 2026-04-09 → 2026-04-13
====================================
Fetching page 1
Range 2026-04-09 → 2026-04-13 | Page 1 | Orders: 15
Fetching page 2
Range 2026-04-09 → 2026-04-13 | Page 2 | Orders: 15
Fetching page 3
Range 2026-04-09 → 2026-04-13 | Page 3 | Orders: 15
Fetching page 4
Range 2026-04-09 → 2026-04-13 | Page 4 | Orders: 15
Fetching page 5
Range 2026-04-09 → 2026-04-13 | Page 5 | Orders: 15
Fetching page 6
Range 2026-04-09 → 2026-04-13 | Page 6 | Orders: 15
Fetching page 7
Range 2026-04-09 → 2026-04-13 | Page 7 | Orders: 15
Fetching page 8
Range 2026-04-09 → 2026-04-13 | Page 8 | Orders: 15
Fetching page 9
Range 2026-04-09 → 2026-04-13 | Page 9 | Orders: 15
Fetching page 10
Range 2026-04-09 → 2026-04-13 | Page 10 | Orders: 15
Fetching page 11
Range 2026-04-09 → 2026-04-13 | Page 11 | Orders: 15
Fetching page 12
Range 2026-04-09 → 2026-04-13 | Page 12 | Orders: 15
Fetching page 13
Range 2026-04-09 → 2026-04-13 | Page 13 | Orders: 15
Fetching page 14
Range 2026-04-09 → 2026-04-13 | Page 14 | Orders: 15
Fetching page 15
Range 2026-04-09 → 2026-04-13 | Page 15 | Orders: 15
Fetching page 16
Range 2026-04-09 → 2026-04-13 | Page 16 | Orders: 15
Fetching page 17
Range 2026-04-09 → 2026-04-13 | Page 17 | Orders: 15
Fetching page 18
Range 2026-04-09 → 2026-04-13 | Page 18 | Orders: 15
Fetching page 19
Range 2026-04-09 → 2026-04-13 | Page 19 | Orders: 15
Fetching page 20
Range 2026-04-09 → 2026-04-13 | Page 20 | Orders: 15
Fetching page 21
Range 2026-04-09 → 2026-04-13 | Page 21 | Orders: 15
Fetching page 22
Range 2026-04-09 → 2026-04-13 | Page 22 | Orders: 15
Fetching page 23
Range 2026-04-09 → 2026-04-13 | Page 23 | Orders: 15
Fetching page 24
Range 2026-04-09 → 2026-04-13 | Page 24 | Orders: 4
Fetching page 25
Range 2026-04-09 → 2026-04-13 | Page 25 | Orders: 0

====================================
Fetching Range 2026-04-14 → 2026-04-18
====================================
Fetching page 1
Range 2026-04-14 → 2026-04-18 | Page 1 | Orders: 15
Fetching page 2
Range 2026-04-14 → 2026-04-18 | Page 2 | Orders: 15
Fetching page 3
Range 2026-04-14 → 2026-04-18 | Page 3 | Orders: 15
Fetching page 4
Range 2026-04-14 → 2026-04-18 | Page 4 | Orders: 15
Fetching page 5
Range 2026-04-14 → 2026-04-18 | Page 5 | Orders: 15
Fetching page 6
Range 2026-04-14 → 2026-04-18 | Page 6 | Orders: 15
Fetching page 7
Range 2026-04-14 → 2026-04-18 | Page 7 | Orders: 15
Fetching page 8
Range 2026-04-14 → 2026-04-18 | Page 8 | Orders: 15
Fetching page 9
Range 2026-04-14 → 2026-04-18 | Page 9 | Orders: 15
Fetching page 10
Range 2026-04-14 → 2026-04-18 | Page 10 | Orders: 15
Fetching page 11
Range 2026-04-14 → 2026-04-18 | Page 11 | Orders: 15
Fetching page 12
Range 2026-04-14 → 2026-04-18 | Page 12 | Orders: 15
Fetching page 13
Range 2026-04-14 → 2026-04-18 | Page 13 | Orders: 15
Fetching page 14
Range 2026-04-14 → 2026-04-18 | Page 14 | Orders: 15
Fetching page 15
Range 2026-04-14 → 2026-04-18 | Page 15 | Orders: 15
Fetching page 16
Range 2026-04-14 → 2026-04-18 | Page 16 | Orders: 15
Fetching page 17
Range 2026-04-14 → 2026-04-18 | Page 17 | Orders: 15
Fetching page 18
Range 2026-04-14 → 2026-04-18 | Page 18 | Orders: 15
Fetching page 19
Range 2026-04-14 → 2026-04-18 | Page 19 | Orders: 15
Fetching page 20
Range 2026-04-14 → 2026-04-18 | Page 20 | Orders: 15
Fetching page 21
Range 2026-04-14 → 2026-04-18 | Page 21 | Orders: 15
Fetching page 22
Range 2026-04-14 → 2026-04-18 | Page 22 | Orders: 15
Fetching page 23
Range 2026-04-14 → 2026-04-18 | Page 23 | Orders: 15
Fetching page 24
Range 2026-04-14 → 2026-04-18 | Page 24 | Orders: 15
Fetching page 25
Range 2026-04-14 → 2026-04-18 | Page 25 | Orders: 15
Fetching page 26
Range 2026-04-14 → 2026-04-18 | Page 26 | Orders: 15
Fetching page 27
Range 2026-04-14 → 2026-04-18 | Page 27 | Orders: 15
Fetching page 28
Range 2026-04-14 → 2026-04-18 | Page 28 | Orders: 15
Fetching page 29
Range 2026-04-14 → 2026-04-18 | Page 29 | Orders: 15
Fetching page 30
Range 2026-04-14 → 2026-04-18 | Page 30 | Orders: 15
Fetching page 31
Range 2026-04-14 → 2026-04-18 | Page 31 | Orders: 15
Fetching page 32
Range 2026-04-14 → 2026-04-18 | Page 32 | Orders: 15
Fetching page 33
Range 2026-04-14 → 2026-04-18 | Page 33 | Orders: 15
Fetching page 34
Range 2026-04-14 → 2026-04-18 | Page 34 | Orders: 15
Fetching page 35
Range 2026-04-14 → 2026-04-18 | Page 35 | Orders: 3
Fetching page 36
Range 2026-04-14 → 2026-04-18 | Page 36 | Orders: 0

====================================
Fetching Range 2026-04-19 → 2026-04-23
====================================
Fetching page 1
Range 2026-04-19 → 2026-04-23 | Page 1 | Orders: 15
Fetching page 2
Range 2026-04-19 → 2026-04-23 | Page 2 | Orders: 15
Fetching page 3
Range 2026-04-19 → 2026-04-23 | Page 3 | Orders: 15
Fetching page 4
Range 2026-04-19 → 2026-04-23 | Page 4 | Orders: 15
Fetching page 5
Range 2026-04-19 → 2026-04-23 | Page 5 | Orders: 15
Fetching page 6
Range 2026-04-19 → 2026-04-23 | Page 6 | Orders: 15
Fetching page 7
Range 2026-04-19 → 2026-04-23 | Page 7 | Orders: 15
Fetching page 8
Range 2026-04-19 → 2026-04-23 | Page 8 | Orders: 15
Fetching page 9
Range 2026-04-19 → 2026-04-23 | Page 9 | Orders: 15
Fetching page 10
Range 2026-04-19 → 2026-04-23 | Page 10 | Orders: 15
Fetching page 11
Range 2026-04-19 → 2026-04-23 | Page 11 | Orders: 15
Fetching page 12
Range 2026-04-19 → 2026-04-23 | Page 12 | Orders: 15
Fetching page 13
Range 2026-04-19 → 2026-04-23 | Page 13 | Orders: 15
Fetching page 14
Range 2026-04-19 → 2026-04-23 | Page 14 | Orders: 15
Fetching page 15
Range 2026-04-19 → 2026-04-23 | Page 15 | Orders: 15
Fetching page 16
Range 2026-04-19 → 2026-04-23 | Page 16 | Orders: 15
Fetching page 17
Range 2026-04-19 → 2026-04-23 | Page 17 | Orders: 15
Fetching page 18
Range 2026-04-19 → 2026-04-23 | Page 18 | Orders: 15
Fetching page 19
Range 2026-04-19 → 2026-04-23 | Page 19 | Orders: 15
Fetching page 20
Range 2026-04-19 → 2026-04-23 | Page 20 | Orders: 15
Fetching page 21
Range 2026-04-19 → 2026-04-23 | Page 21 | Orders: 15
Fetching page 22
Range 2026-04-19 → 2026-04-23 | Page 22 | Orders: 15
Fetching page 23
Range 2026-04-19 → 2026-04-23 | Page 23 | Orders: 15
Fetching page 24
Range 2026-04-19 → 2026-04-23 | Page 24 | Orders: 4
Fetching page 25
Range 2026-04-19 → 2026-04-23 | Page 25 | Orders: 0

====================================
Fetching Range 2026-04-24 → 2026-04-28
====================================
Fetching page 1
Range 2026-04-24 → 2026-04-28 | Page 1 | Orders: 15
Fetching page 2
Range 2026-04-24 → 2026-04-28 | Page 2 | Orders: 15
Fetching page 3
Range 2026-04-24 → 2026-04-28 | Page 3 | Orders: 15
Fetching page 4
Range 2026-04-24 → 2026-04-28 | Page 4 | Orders: 15
Fetching page 5
Range 2026-04-24 → 2026-04-28 | Page 5 | Orders: 15
Fetching page 6
Range 2026-04-24 → 2026-04-28 | Page 6 | Orders: 15
Fetching page 7
Range 2026-04-24 → 2026-04-28 | Page 7 | Orders: 15
Fetching page 8
Range 2026-04-24 → 2026-04-28 | Page 8 | Orders: 15
Fetching page 9
Range 2026-04-24 → 2026-04-28 | Page 9 | Orders: 15
Fetching page 10
Range 2026-04-24 → 2026-04-28 | Page 10 | Orders: 15
Fetching page 11
Range 2026-04-24 → 2026-04-28 | Page 11 | Orders: 15
Fetching page 12
Range 2026-04-24 → 2026-04-28 | Page 12 | Orders: 15
Fetching page 13
Range 2026-04-24 → 2026-04-28 | Page 13 | Orders: 15
Fetching page 14
Range 2026-04-24 → 2026-04-28 | Page 14 | Orders: 15
Fetching page 15
Range 2026-04-24 → 2026-04-28 | Page 15 | Orders: 15
Fetching page 16
Range 2026-04-24 → 2026-04-28 | Page 16 | Orders: 15
Fetching page 17
Range 2026-04-24 → 2026-04-28 | Page 17 | Orders: 15
Fetching page 18
Range 2026-04-24 → 2026-04-28 | Page 18 | Orders: 15
Fetching page 19
Range 2026-04-24 → 2026-04-28 | Page 19 | Orders: 15
Fetching page 20
Range 2026-04-24 → 2026-04-28 | Page 20 | Orders: 15
Fetching page 21
Range 2026-04-24 → 2026-04-28 | Page 21 | Orders: 15
Fetching page 22
Range 2026-04-24 → 2026-04-28 | Page 22 | Orders: 4
Fetching page 23
Range 2026-04-24 → 2026-04-28 | Page 23 | Orders: 0

====================================
Fetching Range 2026-04-29 → 2026-05-03
====================================
Fetching page 1
Range 2026-04-29 → 2026-05-03 | Page 1 | Orders: 15
Fetching page 2
Range 2026-04-29 → 2026-05-03 | Page 2 | Orders: 15
Fetching page 3
Range 2026-04-29 → 2026-05-03 | Page 3 | Orders: 15
Fetching page 4
Range 2026-04-29 → 2026-05-03 | Page 4 | Orders: 15
Fetching page 5
Range 2026-04-29 → 2026-05-03 | Page 5 | Orders: 15
Fetching page 6
Range 2026-04-29 → 2026-05-03 | Page 6 | Orders: 15
Fetching page 7
Range 2026-04-29 → 2026-05-03 | Page 7 | Orders: 15
Fetching page 8
Range 2026-04-29 → 2026-05-03 | Page 8 | Orders: 15
Fetching page 9
Range 2026-04-29 → 2026-05-03 | Page 9 | Orders: 15
Fetching page 10
Range 2026-04-29 → 2026-05-03 | Page 10 | Orders: 15
Fetching page 11
Range 2026-04-29 → 2026-05-03 | Page 11 | Orders: 15
Fetching page 12
Range 2026-04-29 → 2026-05-03 | Page 12 | Orders: 15
Fetching page 13
Range 2026-04-29 → 2026-05-03 | Page 13 | Orders: 15
Fetching page 14
Range 2026-04-29 → 2026-05-03 | Page 14 | Orders: 15
Fetching page 15
Range 2026-04-29 → 2026-05-03 | Page 15 | Orders: 15
Fetching page 16
Range 2026-04-29 → 2026-05-03 | Page 16 | Orders: 15
Fetching page 17
Range 2026-04-29 → 2026-05-03 | Page 17 | Orders: 15
Fetching page 18
Range 2026-04-29 → 2026-05-03 | Page 18 | Orders: 15
Fetching page 19
Range 2026-04-29 → 2026-05-03 | Page 19 | Orders: 15
Fetching page 20
Range 2026-04-29 → 2026-05-03 | Page 20 | Orders: 15
Fetching page 21
Range 2026-04-29 → 2026-05-03 | Page 21 | Orders: 15
Fetching page 22
Range 2026-04-29 → 2026-05-03 | Page 22 | Orders: 15
Fetching page 23
Range 2026-04-29 → 2026-05-03 | Page 23 | Orders: 15
Fetching page 24
Range 2026-04-29 → 2026-05-03 | Page 24 | Orders: 15
Fetching page 25
Range 2026-04-29 → 2026-05-03 | Page 25 | Orders: 15
Fetching page 26
Range 2026-04-29 → 2026-05-03 | Page 26 | Orders: 15
Fetching page 27
Range 2026-04-29 → 2026-05-03 | Page 27 | Orders: 15
Fetching page 28
Range 2026-04-29 → 2026-05-03 | Page 28 | Orders: 15
Fetching page 29
Range 2026-04-29 → 2026-05-03 | Page 29 | Orders: 15
Fetching page 30
Range 2026-04-29 → 2026-05-03 | Page 30 | Orders: 13
Fetching page 31
Range 2026-04-29 → 2026-05-03 | Page 31 | Orders: 0

====================================
Fetching Range 2026-05-04 → 2026-05-08
====================================
Fetching page 1
Range 2026-05-04 → 2026-05-08 | Page 1 | Orders: 15
Fetching page 2
Range 2026-05-04 → 2026-05-08 | Page 2 | Orders: 15
Fetching page 3
Range 2026-05-04 → 2026-05-08 | Page 3 | Orders: 15
Fetching page 4
Range 2026-05-04 → 2026-05-08 | Page 4 | Orders: 15
Fetching page 5
Range 2026-05-04 → 2026-05-08 | Page 5 | Orders: 15
Fetching page 6
Range 2026-05-04 → 2026-05-08 | Page 6 | Orders: 15
Fetching page 7
Range 2026-05-04 → 2026-05-08 | Page 7 | Orders: 15
Fetching page 8
Range 2026-05-04 → 2026-05-08 | Page 8 | Orders: 15
Fetching page 9
Range 2026-05-04 → 2026-05-08 | Page 9 | Orders: 15
Fetching page 10
Range 2026-05-04 → 2026-05-08 | Page 10 | Orders: 15
Fetching page 11
Range 2026-05-04 → 2026-05-08 | Page 11 | Orders: 15
Fetching page 12
Range 2026-05-04 → 2026-05-08 | Page 12 | Orders: 15
Fetching page 13
Range 2026-05-04 → 2026-05-08 | Page 13 | Orders: 15
Fetching page 14
Range 2026-05-04 → 2026-05-08 | Page 14 | Orders: 15
Fetching page 15
Range 2026-05-04 → 2026-05-08 | Page 15 | Orders: 15
Fetching page 16
Range 2026-05-04 → 2026-05-08 | Page 16 | Orders: 15
Fetching page 17
Range 2026-05-04 → 2026-05-08 | Page 17 | Orders: 15
Fetching page 18
Range 2026-05-04 → 2026-05-08 | Page 18 | Orders: 15
Fetching page 19
Range 2026-05-04 → 2026-05-08 | Page 19 | Orders: 15
Fetching page 20
Range 2026-05-04 → 2026-05-08 | Page 20 | Orders: 15
Fetching page 21
Range 2026-05-04 → 2026-05-08 | Page 21 | Orders: 15
Fetching page 22
Range 2026-05-04 → 2026-05-08 | Page 22 | Orders: 15
Fetching page 23
Range 2026-05-04 → 2026-05-08 | Page 23 | Orders: 15
Fetching page 24
Range 2026-05-04 → 2026-05-08 | Page 24 | Orders: 15
Fetching page 25
Range 2026-05-04 → 2026-05-08 | Page 25 | Orders: 15
Fetching page 26
Range 2026-05-04 → 2026-05-08 | Page 26 | Orders: 15
Fetching page 27
Range 2026-05-04 → 2026-05-08 | Page 27 | Orders: 15
Fetching page 28
Range 2026-05-04 → 2026-05-08 | Page 28 | Orders: 15
Fetching page 29
Range 2026-05-04 → 2026-05-08 | Page 29 | Orders: 15
Fetching page 30
Range 2026-05-04 → 2026-05-08 | Page 30 | Orders: 2
Fetching page 31
Range 2026-05-04 → 2026-05-08 | Page 31 | Orders: 0

====================================
Fetching Range 2026-05-09 → 2026-05-13
====================================
Fetching page 1
Range 2026-05-09 → 2026-05-13 | Page 1 | Orders: 15
Fetching page 2
Range 2026-05-09 → 2026-05-13 | Page 2 | Orders: 15
Fetching page 3
Range 2026-05-09 → 2026-05-13 | Page 3 | Orders: 15
Fetching page 4
Range 2026-05-09 → 2026-05-13 | Page 4 | Orders: 15
Fetching page 5
Range 2026-05-09 → 2026-05-13 | Page 5 | Orders: 15
Fetching page 6
Range 2026-05-09 → 2026-05-13 | Page 6 | Orders: 15
Fetching page 7
Range 2026-05-09 → 2026-05-13 | Page 7 | Orders: 15
Fetching page 8
Range 2026-05-09 → 2026-05-13 | Page 8 | Orders: 15
Fetching page 9
Range 2026-05-09 → 2026-05-13 | Page 9 | Orders: 15
Fetching page 10
Range 2026-05-09 → 2026-05-13 | Page 10 | Orders: 15
Fetching page 11
Range 2026-05-09 → 2026-05-13 | Page 11 | Orders: 15
Fetching page 12
Range 2026-05-09 → 2026-05-13 | Page 12 | Orders: 15
Fetching page 13
Range 2026-05-09 → 2026-05-13 | Page 13 | Orders: 15
Fetching page 14
Range 2026-05-09 → 2026-05-13 | Page 14 | Orders: 15
Fetching page 15
Range 2026-05-09 → 2026-05-13 | Page 15 | Orders: 15
Fetching page 16
Range 2026-05-09 → 2026-05-13 | Page 16 | Orders: 15
Fetching page 17
Range 2026-05-09 → 2026-05-13 | Page 17 | Orders: 15
Fetching page 18
Range 2026-05-09 → 2026-05-13 | Page 18 | Orders: 15
Fetching page 19
Range 2026-05-09 → 2026-05-13 | Page 19 | Orders: 15
Fetching page 20
Range 2026-05-09 → 2026-05-13 | Page 20 | Orders: 15
Fetching page 21
Range 2026-05-09 → 2026-05-13 | Page 21 | Orders: 15
Fetching page 22
Range 2026-05-09 → 2026-05-13 | Page 22 | Orders: 15
Fetching page 23
Range 2026-05-09 → 2026-05-13 | Page 23 | Orders: 4
Fetching page 24
Range 2026-05-09 → 2026-05-13 | Page 24 | Orders: 0

====================================
Fetching Range 2026-05-14 → 2026-05-18
====================================
Fetching page 1
Range 2026-05-14 → 2026-05-18 | Page 1 | Orders: 15
Fetching page 2
Range 2026-05-14 → 2026-05-18 | Page 2 | Orders: 15
Fetching page 3
Range 2026-05-14 → 2026-05-18 | Page 3 | Orders: 15
Fetching page 4
Range 2026-05-14 → 2026-05-18 | Page 4 | Orders: 15
Fetching page 5
Range 2026-05-14 → 2026-05-18 | Page 5 | Orders: 15
Fetching page 6
Range 2026-05-14 → 2026-05-18 | Page 6 | Orders: 15
Fetching page 7
Range 2026-05-14 → 2026-05-18 | Page 7 | Orders: 15
Fetching page 8
Range 2026-05-14 → 2026-05-18 | Page 8 | Orders: 15
Fetching page 9
Range 2026-05-14 → 2026-05-18 | Page 9 | Orders: 15
Fetching page 10
Range 2026-05-14 → 2026-05-18 | Page 10 | Orders: 15
Fetching page 11
Range 2026-05-14 → 2026-05-18 | Page 11 | Orders: 15
Fetching page 12
Range 2026-05-14 → 2026-05-18 | Page 12 | Orders: 15
Fetching page 13
Range 2026-05-14 → 2026-05-18 | Page 13 | Orders: 15
Fetching page 14
Range 2026-05-14 → 2026-05-18 | Page 14 | Orders: 15
Fetching page 15
Range 2026-05-14 → 2026-05-18 | Page 15 | Orders: 15
Fetching page 16
Range 2026-05-14 → 2026-05-18 | Page 16 | Orders: 15
Fetching page 17
Range 2026-05-14 → 2026-05-18 | Page 17 | Orders: 15
Fetching page 18
Range 2026-05-14 → 2026-05-18 | Page 18 | Orders: 15
Fetching page 19
Range 2026-05-14 → 2026-05-18 | Page 19 | Orders: 15
Fetching page 20
Range 2026-05-14 → 2026-05-18 | Page 20 | Orders: 15
Fetching page 21
Range 2026-05-14 → 2026-05-18 | Page 21 | Orders: 15
Fetching page 22
Range 2026-05-14 → 2026-05-18 | Page 22 | Orders: 15
Fetching page 23
Range 2026-05-14 → 2026-05-18 | Page 23 | Orders: 15
Fetching page 24
Range 2026-05-14 → 2026-05-18 | Page 24 | Orders: 5
Fetching page 25
Range 2026-05-14 → 2026-05-18 | Page 25 | Orders: 0

====================================
Fetching Range 2026-05-19 → 2026-05-23
====================================
Fetching page 1
Range 2026-05-19 → 2026-05-23 | Page 1 | Orders: 15
Fetching page 2
Range 2026-05-19 → 2026-05-23 | Page 2 | Orders: 15
Fetching page 3
Range 2026-05-19 → 2026-05-23 | Page 3 | Orders: 15
Fetching page 4
Range 2026-05-19 → 2026-05-23 | Page 4 | Orders: 15
Fetching page 5
Range 2026-05-19 → 2026-05-23 | Page 5 | Orders: 15
Fetching page 6
Range 2026-05-19 → 2026-05-23 | Page 6 | Orders: 15
Fetching page 7
Range 2026-05-19 → 2026-05-23 | Page 7 | Orders: 15
Fetching page 8
Range 2026-05-19 → 2026-05-23 | Page 8 | Orders: 15
Fetching page 9
Range 2026-05-19 → 2026-05-23 | Page 9 | Orders: 15
Fetching page 10
Range 2026-05-19 → 2026-05-23 | Page 10 | Orders: 15
Fetching page 11
Range 2026-05-19 → 2026-05-23 | Page 11 | Orders: 15
Fetching page 12
Range 2026-05-19 → 2026-05-23 | Page 12 | Orders: 15
Fetching page 13
Range 2026-05-19 → 2026-05-23 | Page 13 | Orders: 15
Fetching page 14
Range 2026-05-19 → 2026-05-23 | Page 14 | Orders: 15
Fetching page 15
Range 2026-05-19 → 2026-05-23 | Page 15 | Orders: 15
Fetching page 16
Range 2026-05-19 → 2026-05-23 | Page 16 | Orders: 15
Fetching page 17
Range 2026-05-19 → 2026-05-23 | Page 17 | Orders: 15
Fetching page 18
Range 2026-05-19 → 2026-05-23 | Page 18 | Orders: 15
Fetching page 19
Range 2026-05-19 → 2026-05-23 | Page 19 | Orders: 15
Fetching page 20
Range 2026-05-19 → 2026-05-23 | Page 20 | Orders: 15
Fetching page 21
Range 2026-05-19 → 2026-05-23 | Page 21 | Orders: 15
Fetching page 22
Range 2026-05-19 → 2026-05-23 | Page 22 | Orders: 2
Fetching page 23
Range 2026-05-19 → 2026-05-23 | Page 23 | Orders: 0

====================================
Fetching Range 2026-05-24 → 2026-05-28
====================================
Fetching page 1
Range 2026-05-24 → 2026-05-28 | Page 1 | Orders: 15
Fetching page 2
Range 2026-05-24 → 2026-05-28 | Page 2 | Orders: 15
Fetching page 3
Range 2026-05-24 → 2026-05-28 | Page 3 | Orders: 15
Fetching page 4
Range 2026-05-24 → 2026-05-28 | Page 4 | Orders: 15
Fetching page 5
Range 2026-05-24 → 2026-05-28 | Page 5 | Orders: 15
Fetching page 6
Range 2026-05-24 → 2026-05-28 | Page 6 | Orders: 15
Fetching page 7
Range 2026-05-24 → 2026-05-28 | Page 7 | Orders: 15
Fetching page 8
Range 2026-05-24 → 2026-05-28 | Page 8 | Orders: 15
Fetching page 9
Range 2026-05-24 → 2026-05-28 | Page 9 | Orders: 15
Fetching page 10
Range 2026-05-24 → 2026-05-28 | Page 10 | Orders: 15
Fetching page 11
Range 2026-05-24 → 2026-05-28 | Page 11 | Orders: 15
Fetching page 12
Range 2026-05-24 → 2026-05-28 | Page 12 | Orders: 15
Fetching page 13
Range 2026-05-24 → 2026-05-28 | Page 13 | Orders: 15
Fetching page 14
Range 2026-05-24 → 2026-05-28 | Page 14 | Orders: 15
Fetching page 15
Range 2026-05-24 → 2026-05-28 | Page 15 | Orders: 15
Fetching page 16
Range 2026-05-24 → 2026-05-28 | Page 16 | Orders: 15
Fetching page 17
Range 2026-05-24 → 2026-05-28 | Page 17 | Orders: 15
Fetching page 18
Range 2026-05-24 → 2026-05-28 | Page 18 | Orders: 15
Fetching page 19
Range 2026-05-24 → 2026-05-28 | Page 19 | Orders: 15
Fetching page 20
Range 2026-05-24 → 2026-05-28 | Page 20 | Orders: 15
Fetching page 21
Range 2026-05-24 → 2026-05-28 | Page 21 | Orders: 15
Fetching page 22
Range 2026-05-24 → 2026-05-28 | Page 22 | Orders: 15
Fetching page 23
Range 2026-05-24 → 2026-05-28 | Page 23 | Orders: 15
Fetching page 24
Range 2026-05-24 → 2026-05-28 | Page 24 | Orders: 15
Fetching page 25
Range 2026-05-24 → 2026-05-28 | Page 25 | Orders: 15
Fetching page 26
Range 2026-05-24 → 2026-05-28 | Page 26 | Orders: 15
Fetching page 27
Range 2026-05-24 → 2026-05-28 | Page 27 | Orders: 15
Fetching page 28
Range 2026-05-24 → 2026-05-28 | Page 28 | Orders: 1
Fetching page 29
Range 2026-05-24 → 2026-05-28 | Page 29 | Orders: 0

====================================
Fetching Range 2026-05-29 → 2026-06-02
====================================
Fetching page 1
Range 2026-05-29 → 2026-06-02 | Page 1 | Orders: 15
Fetching page 2
Range 2026-05-29 → 2026-06-02 | Page 2 | Orders: 15
Fetching page 3
Range 2026-05-29 → 2026-06-02 | Page 3 | Orders: 15
Fetching page 4
Range 2026-05-29 → 2026-06-02 | Page 4 | Orders: 15
Fetching page 5
Range 2026-05-29 → 2026-06-02 | Page 5 | Orders: 15
Fetching page 6
Range 2026-05-29 → 2026-06-02 | Page 6 | Orders: 15
Fetching page 7
Range 2026-05-29 → 2026-06-02 | Page 7 | Orders: 15
Fetching page 8
Range 2026-05-29 → 2026-06-02 | Page 8 | Orders: 15
Fetching page 9
Range 2026-05-29 → 2026-06-02 | Page 9 | Orders: 15
Fetching page 10
Range 2026-05-29 → 2026-06-02 | Page 10 | Orders: 15
Fetching page 11
Range 2026-05-29 → 2026-06-02 | Page 11 | Orders: 15
Fetching page 12
Range 2026-05-29 → 2026-06-02 | Page 12 | Orders: 15
Fetching page 13
Range 2026-05-29 → 2026-06-02 | Page 13 | Orders: 15
Fetching page 14
Range 2026-05-29 → 2026-06-02 | Page 14 | Orders: 15
Fetching page 15
Range 2026-05-29 → 2026-06-02 | Page 15 | Orders: 15
Fetching page 16
Range 2026-05-29 → 2026-06-02 | Page 16 | Orders: 15
Fetching page 17
Range 2026-05-29 → 2026-06-02 | Page 17 | Orders: 15
Fetching page 18
Range 2026-05-29 → 2026-06-02 | Page 18 | Orders: 15
Fetching page 19
Range 2026-05-29 → 2026-06-02 | Page 19 | Orders: 15
Fetching page 20
Range 2026-05-29 → 2026-06-02 | Page 20 | Orders: 15
Fetching page 21
Range 2026-05-29 → 2026-06-02 | Page 21 | Orders: 15
Fetching page 22
Range 2026-05-29 → 2026-06-02 | Page 22 | Orders: 15
Fetching page 23
Range 2026-05-29 → 2026-06-02 | Page 23 | Orders: 15
Fetching page 24
Range 2026-05-29 → 2026-06-02 | Page 24 | Orders: 15
Fetching page 25
Range 2026-05-29 → 2026-06-02 | Page 25 | Orders: 15
Fetching page 26
Range 2026-05-29 → 2026-06-02 | Page 26 | Orders: 15
Fetching page 27
Range 2026-05-29 → 2026-06-02 | Page 27 | Orders: 15
Fetching page 28
Range 2026-05-29 → 2026-06-02 | Page 28 | Orders: 12
Fetching page 29
Range 2026-05-29 → 2026-06-02 | Page 29 | Orders: 0

====================================
Fetching Range 2026-06-03 → 2026-06-07
====================================
Fetching page 1
Range 2026-06-03 → 2026-06-07 | Page 1 | Orders: 15
Fetching page 2
Range 2026-06-03 → 2026-06-07 | Page 2 | Orders: 15
Fetching page 3
Range 2026-06-03 → 2026-06-07 | Page 3 | Orders: 15
Fetching page 4
Range 2026-06-03 → 2026-06-07 | Page 4 | Orders: 15
Fetching page 5
Range 2026-06-03 → 2026-06-07 | Page 5 | Orders: 15
Fetching page 6
Range 2026-06-03 → 2026-06-07 | Page 6 | Orders: 15
Fetching page 7
Range 2026-06-03 → 2026-06-07 | Page 7 | Orders: 15
Fetching page 8
Range 2026-06-03 → 2026-06-07 | Page 8 | Orders: 15
Fetching page 9
Range 2026-06-03 → 2026-06-07 | Page 9 | Orders: 15
Fetching page 10
Range 2026-06-03 → 2026-06-07 | Page 10 | Orders: 15
Fetching page 11
Range 2026-06-03 → 2026-06-07 | Page 11 | Orders: 15
Fetching page 12
Range 2026-06-03 → 2026-06-07 | Page 12 | Orders: 15
Fetching page 13
Range 2026-06-03 → 2026-06-07 | Page 13 | Orders: 15
Fetching page 14
Range 2026-06-03 → 2026-06-07 | Page 14 | Orders: 15
Fetching page 15
Range 2026-06-03 → 2026-06-07 | Page 15 | Orders: 15
Fetching page 16
Range 2026-06-03 → 2026-06-07 | Page 16 | Orders: 15
Fetching page 17
Range 2026-06-03 → 2026-06-07 | Page 17 | Orders: 15
Fetching page 18
Range 2026-06-03 → 2026-06-07 | Page 18 | Orders: 15
Fetching page 19
Range 2026-06-03 → 2026-06-07 | Page 19 | Orders: 15
Fetching page 20
Range 2026-06-03 → 2026-06-07 | Page 20 | Orders: 15
Fetching page 21
Range 2026-06-03 → 2026-06-07 | Page 21 | Orders: 15
Fetching page 22
Range 2026-06-03 → 2026-06-07 | Page 22 | Orders: 15
Fetching page 23
Range 2026-06-03 → 2026-06-07 | Page 23 | Orders: 15
Fetching page 24
Range 2026-06-03 → 2026-06-07 | Page 24 | Orders: 15
Fetching page 25
Range 2026-06-03 → 2026-06-07 | Page 25 | Orders: 1
Fetching page 26
Range 2026-06-03 → 2026-06-07 | Page 26 | Orders: 0

====================================
Fetching Range 2026-06-08 → 2026-06-12
====================================
Fetching page 1
Range 2026-06-08 → 2026-06-12 | Page 1 | Orders: 15
Fetching page 2
Range 2026-06-08 → 2026-06-12 | Page 2 | Orders: 15
Fetching page 3
Range 2026-06-08 → 2026-06-12 | Page 3 | Orders: 15
Fetching page 4
Range 2026-06-08 → 2026-06-12 | Page 4 | Orders: 15
Fetching page 5
Range 2026-06-08 → 2026-06-12 | Page 5 | Orders: 15
Fetching page 6
Range 2026-06-08 → 2026-06-12 | Page 6 | Orders: 15
Fetching page 7
Range 2026-06-08 → 2026-06-12 | Page 7 | Orders: 15
Fetching page 8
Range 2026-06-08 → 2026-06-12 | Page 8 | Orders: 15
Fetching page 9
Range 2026-06-08 → 2026-06-12 | Page 9 | Orders: 15
Fetching page 10
Range 2026-06-08 → 2026-06-12 | Page 10 | Orders: 15
Fetching page 11
Range 2026-06-08 → 2026-06-12 | Page 11 | Orders: 15
Fetching page 12
Range 2026-06-08 → 2026-06-12 | Page 12 | Orders: 15
Fetching page 13
Range 2026-06-08 → 2026-06-12 | Page 13 | Orders: 15
Fetching page 14
Range 2026-06-08 → 2026-06-12 | Page 14 | Orders: 15
Fetching page 15
Range 2026-06-08 → 2026-06-12 | Page 15 | Orders: 15
Fetching page 16
Range 2026-06-08 → 2026-06-12 | Page 16 | Orders: 15
Fetching page 17
Range 2026-06-08 → 2026-06-12 | Page 17 | Orders: 15
Fetching page 18
Range 2026-06-08 → 2026-06-12 | Page 18 | Orders: 15
Fetching page 19
Range 2026-06-08 → 2026-06-12 | Page 19 | Orders: 15
Fetching page 20
Range 2026-06-08 → 2026-06-12 | Page 20 | Orders: 15
Fetching page 21
Range 2026-06-08 → 2026-06-12 | Page 21 | Orders: 15
Fetching page 22
Range 2026-06-08 → 2026-06-12 | Page 22 | Orders: 15
Fetching page 23
Range 2026-06-08 → 2026-06-12 | Page 23 | Orders: 1
Fetching page 24
Range 2026-06-08 → 2026-06-12 | Page 24 | Orders: 0

====================================
Fetching Range 2026-06-13 → 2026-06-17
====================================
Fetching page 1
Range 2026-06-13 → 2026-06-17 | Page 1 | Orders: 15
Fetching page 2
Range 2026-06-13 → 2026-06-17 | Page 2 | Orders: 15
Fetching page 3
Range 2026-06-13 → 2026-06-17 | Page 3 | Orders: 15
Fetching page 4
Range 2026-06-13 → 2026-06-17 | Page 4 | Orders: 15
Fetching page 5
Range 2026-06-13 → 2026-06-17 | Page 5 | Orders: 15
Fetching page 6
Range 2026-06-13 → 2026-06-17 | Page 6 | Orders: 15
Fetching page 7
Range 2026-06-13 → 2026-06-17 | Page 7 | Orders: 15
Fetching page 8
Range 2026-06-13 → 2026-06-17 | Page 8 | Orders: 15
Fetching page 9
Range 2026-06-13 → 2026-06-17 | Page 9 | Orders: 15
Fetching page 10
Range 2026-06-13 → 2026-06-17 | Page 10 | Orders: 15
Fetching page 11
Range 2026-06-13 → 2026-06-17 | Page 11 | Orders: 15
Fetching page 12
Range 2026-06-13 → 2026-06-17 | Page 12 | Orders: 15
Fetching page 13
Range 2026-06-13 → 2026-06-17 | Page 13 | Orders: 15
Fetching page 14
Range 2026-06-13 → 2026-06-17 | Page 14 | Orders: 15
Fetching page 15
Range 2026-06-13 → 2026-06-17 | Page 15 | Orders: 15
Fetching page 16
Range 2026-06-13 → 2026-06-17 | Page 16 | Orders: 15
Fetching page 17
Range 2026-06-13 → 2026-06-17 | Page 17 | Orders: 15
Fetching page 18
Range 2026-06-13 → 2026-06-17 | Page 18 | Orders: 15
Fetching page 19
Range 2026-06-13 → 2026-06-17 | Page 19 | Orders: 15
Fetching page 20
Range 2026-06-13 → 2026-06-17 | Page 20 | Orders: 15
Fetching page 21
Range 2026-06-13 → 2026-06-17 | Page 21 | Orders: 10
Fetching page 22
Range 2026-06-13 → 2026-06-17 | Page 22 | Orders: 0

====================================
Fetching Range 2026-06-18 → 2026-06-22
====================================
Fetching page 1
Range 2026-06-18 → 2026-06-22 | Page 1 | Orders: 15
Fetching page 2
Range 2026-06-18 → 2026-06-22 | Page 2 | Orders: 15
Fetching page 3
Range 2026-06-18 → 2026-06-22 | Page 3 | Orders: 15
Fetching page 4
Range 2026-06-18 → 2026-06-22 | Page 4 | Orders: 15
Fetching page 5
Range 2026-06-18 → 2026-06-22 | Page 5 | Orders: 15
Fetching page 6
Range 2026-06-18 → 2026-06-22 | Page 6 | Orders: 15
Fetching page 7
Range 2026-06-18 → 2026-06-22 | Page 7 | Orders: 15
Fetching page 8
Range 2026-06-18 → 2026-06-22 | Page 8 | Orders: 15
Fetching page 9
Range 2026-06-18 → 2026-06-22 | Page 9 | Orders: 15
Fetching page 10
Range 2026-06-18 → 2026-06-22 | Page 10 | Orders: 15
Fetching page 11
Range 2026-06-18 → 2026-06-22 | Page 11 | Orders: 15
Fetching page 12
Range 2026-06-18 → 2026-06-22 | Page 12 | Orders: 15
Fetching page 13
Range 2026-06-18 → 2026-06-22 | Page 13 | Orders: 15
Fetching page 14
Range 2026-06-18 → 2026-06-22 | Page 14 | Orders: 15
Fetching page 15
Range 2026-06-18 → 2026-06-22 | Page 15 | Orders: 15
Fetching page 16
Range 2026-06-18 → 2026-06-22 | Page 16 | Orders: 15
Fetching page 17
Range 2026-06-18 → 2026-06-22 | Page 17 | Orders: 15
Fetching page 18
Range 2026-06-18 → 2026-06-22 | Page 18 | Orders: 15
Fetching page 19
Range 2026-06-18 → 2026-06-22 | Page 19 | Orders: 15
Fetching page 20
Range 2026-06-18 → 2026-06-22 | Page 20 | Orders: 15
Fetching page 21
Range 2026-06-18 → 2026-06-22 | Page 21 | Orders: 15
Fetching page 22
Range 2026-06-18 → 2026-06-22 | Page 22 | Orders: 15
Fetching page 23
Range 2026-06-18 → 2026-06-22 | Page 23 | Orders: 15
Fetching page 24
Range 2026-06-18 → 2026-06-22 | Page 24 | Orders: 15
Fetching page 25
Range 2026-06-18 → 2026-06-22 | Page 25 | Orders: 15
Fetching page 26
Range 2026-06-18 → 2026-06-22 | Page 26 | Orders: 15
Fetching page 27
Range 2026-06-18 → 2026-06-22 | Page 27 | Orders: 15
Fetching page 28
Range 2026-06-18 → 2026-06-22 | Page 28 | Orders: 15
Fetching page 29
Range 2026-06-18 → 2026-06-22 | Page 29 | Orders: 15
Fetching page 30
Range 2026-06-18 → 2026-06-22 | Page 30 | Orders: 15
Fetching page 31
Range 2026-06-18 → 2026-06-22 | Page 31 | Orders: 15
Fetching page 32
Range 2026-06-18 → 2026-06-22 | Page 32 | Orders: 15
Fetching page 33
Range 2026-06-18 → 2026-06-22 | Page 33 | Orders: 15
Fetching page 34
Range 2026-06-18 → 2026-06-22 | Page 34 | Orders: 15
Fetching page 35
Range 2026-06-18 → 2026-06-22 | Page 35 | Orders: 15
Fetching page 36
Range 2026-06-18 → 2026-06-22 | Page 36 | Orders: 5
Fetching page 37
Range 2026-06-18 → 2026-06-22 | Page 37 | Orders: 0

====================================
Fetching Range 2026-06-23 → 2026-06-23
====================================
Fetching page 1
Range 2026-06-23 → 2026-06-23 | Page 1 | Orders: 15
Fetching page 2
Range 2026-06-23 → 2026-06-23 | Page 2 | Orders: 15
Fetching page 3
Range 2026-06-23 → 2026-06-23 | Page 3 | Orders: 15
Fetching page 4
Range 2026-06-23 → 2026-06-23 | Page 4 | Orders: 15
Fetching page 5
Range 2026-06-23 → 2026-06-23 | Page 5 | Orders: 7
Fetching page 6
Range 2026-06-23 → 2026-06-23 | Page 6 | Orders: 0
Finished. Synced 5838 Shiprocket orders.


============================================================
✅ RUN FINISHED AT: 2026-06-23T10:42:33.692Z
🚪 EXIT CODE: 0
⏳ DURATION: 989.86s
============================================================
